0 info it worked if it ends with ok
1 verbose cli [ 'node', '/usr/local/bin/npm', 'install', '-g', 'express' ]
2 info using npm@1.4.28
3 info using node@v0.10.33
4 verbose cache add [ 'express', null ]
5 verbose cache add name=undefined spec="express" args=["express",null]
6 verbose parsed url { protocol: null,
6 verbose parsed url   slashes: null,
6 verbose parsed url   auth: null,
6 verbose parsed url   host: null,
6 verbose parsed url   port: null,
6 verbose parsed url   hostname: null,
6 verbose parsed url   hash: null,
6 verbose parsed url   search: null,
6 verbose parsed url   query: null,
6 verbose parsed url   pathname: 'express',
6 verbose parsed url   path: 'express',
6 verbose parsed url   href: 'express' }
7 silly lockFile f3c62de4-express express
8 verbose lock express /Users/joekeremian/.npm/f3c62de4-express.lock
9 silly lockFile f3c62de4-express express
10 silly lockFile f3c62de4-express express
11 verbose addNamed [ 'express', '' ]
12 verbose addNamed [ null, '*' ]
13 silly lockFile 64a534c1-express express@
14 verbose lock express@ /Users/joekeremian/.npm/64a534c1-express.lock
15 silly addNameRange { name: 'express', range: '*', hasData: false }
16 verbose request where is /express
17 verbose request registry https://registry.npmjs.org/
18 verbose request id 3905e50eeef56e66
19 verbose url raw /express
20 verbose url resolving [ 'https://registry.npmjs.org/', './express' ]
21 verbose url resolved https://registry.npmjs.org/express
22 verbose request where is https://registry.npmjs.org/express
23 info trying registry request attempt 1 at 16:35:30
24 http GET https://registry.npmjs.org/express
25 http 200 https://registry.npmjs.org/express
26 silly registry.get cb [ 200,
26 silly registry.get   { date: 'Mon, 17 Nov 2014 21:35:31 GMT',
26 silly registry.get     server: 'CouchDB/1.5.0 (Erlang OTP/R16B03)',
26 silly registry.get     etag: '"2CZR62V627MTSBFQODK2LNQ0U"',
26 silly registry.get     'content-type': 'application/json',
26 silly registry.get     'cache-control': 'max-age=60',
26 silly registry.get     'content-length': '421828',
26 silly registry.get     'accept-ranges': 'bytes',
26 silly registry.get     via: '1.1 varnish',
26 silly registry.get     age: '38',
26 silly registry.get     'x-served-by': 'cache-iad2131-IAD',
26 silly registry.get     'x-cache': 'HIT',
26 silly registry.get     'x-cache-hits': '1',
26 silly registry.get     'x-timer': 'S1416260131.620384,VS0,VE2',
26 silly registry.get     vary: 'Accept',
26 silly registry.get     'keep-alive': 'timeout=10, max=50',
26 silly registry.get     connection: 'Keep-Alive' } ]
27 silly addNameRange number 2 { name: 'express', range: '*', hasData: true }
28 silly addNameRange versions [ 'express',
28 silly addNameRange   [ '0.14.0',
28 silly addNameRange     '0.14.1',
28 silly addNameRange     '1.0.0',
28 silly addNameRange     '1.0.1',
28 silly addNameRange     '1.0.2',
28 silly addNameRange     '1.0.3',
28 silly addNameRange     '1.0.4',
28 silly addNameRange     '1.0.5',
28 silly addNameRange     '1.0.6',
28 silly addNameRange     '1.0.7',
28 silly addNameRange     '1.0.8',
28 silly addNameRange     '2.0.0',
28 silly addNameRange     '2.1.0',
28 silly addNameRange     '2.1.1',
28 silly addNameRange     '2.2.0',
28 silly addNameRange     '2.2.1',
28 silly addNameRange     '2.2.2',
28 silly addNameRange     '2.3.0',
28 silly addNameRange     '2.3.1',
28 silly addNameRange     '2.3.2',
28 silly addNameRange     '2.3.3',
28 silly addNameRange     '2.3.4',
28 silly addNameRange     '2.3.5',
28 silly addNameRange     '2.3.6',
28 silly addNameRange     '2.3.7',
28 silly addNameRange     '2.3.8',
28 silly addNameRange     '2.3.9',
28 silly addNameRange     '2.3.10',
28 silly addNameRange     '2.3.11',
28 silly addNameRange     '2.3.12',
28 silly addNameRange     '2.4.0',
28 silly addNameRange     '2.4.1',
28 silly addNameRange     '2.4.2',
28 silly addNameRange     '2.4.3',
28 silly addNameRange     '2.4.4',
28 silly addNameRange     '2.4.5',
28 silly addNameRange     '2.4.6',
28 silly addNameRange     '2.4.7',
28 silly addNameRange     '2.5.0',
28 silly addNameRange     '2.5.1',
28 silly addNameRange     '2.5.2',
28 silly addNameRange     '2.5.3',
28 silly addNameRange     '2.5.4',
28 silly addNameRange     '2.5.5',
28 silly addNameRange     '2.5.6',
28 silly addNameRange     '2.5.7',
28 silly addNameRange     '2.5.8',
28 silly addNameRange     '2.5.9',
28 silly addNameRange     '2.5.10',
28 silly addNameRange     '2.5.11',
28 silly addNameRange     '3.0.0',
28 silly addNameRange     '3.0.1',
28 silly addNameRange     '3.0.2',
28 silly addNameRange     '3.0.3',
28 silly addNameRange     '3.0.4',
28 silly addNameRange     '3.0.5',
28 silly addNameRange     '3.0.6',
28 silly addNameRange     '3.1.0',
28 silly addNameRange     '3.1.1',
28 silly addNameRange     '3.1.2',
28 silly addNameRange     '3.2.0',
28 silly addNameRange     '3.2.1',
28 silly addNameRange     '3.2.2',
28 silly addNameRange     '3.2.3',
28 silly addNameRange     '3.2.4',
28 silly addNameRange     '3.2.5',
28 silly addNameRange     '3.2.6',
28 silly addNameRange     '3.3.0',
28 silly addNameRange     '3.3.1',
28 silly addNameRange     '3.3.2',
28 silly addNameRange     '3.3.3',
28 silly addNameRange     '3.3.4',
28 silly addNameRange     '3.3.5',
28 silly addNameRange     '3.3.6',
28 silly addNameRange     '1.0.0-beta',
28 silly addNameRange     '1.0.0-beta2',
28 silly addNameRange     '1.0.0-rc',
28 silly addNameRange     '1.0.0-rc2',
28 silly addNameRange     '1.0.0-rc3',
28 silly addNameRange     '1.0.0-rc4',
28 silly addNameRange     '2.0.0-beta',
28 silly addNameRange     '2.0.0-beta2',
28 silly addNameRange     '2.0.0-beta3',
28 silly addNameRange     '2.0.0-rc',
28 silly addNameRange     '2.0.0-rc2',
28 silly addNameRange     '2.0.0-rc3',
28 silly addNameRange     '3.0.0-alpha1',
28 silly addNameRange     '3.0.0-alpha2',
28 silly addNameRange     '3.0.0-alpha3',
28 silly addNameRange     '3.0.0-alpha4',
28 silly addNameRange     '3.0.0-alpha5',
28 silly addNameRange     '3.0.0-beta1',
28 silly addNameRange     '3.0.0-beta2',
28 silly addNameRange     '3.0.0-beta3',
28 silly addNameRange     '3.0.0-beta4',
28 silly addNameRange     '3.0.0-beta6',
28 silly addNameRange     '3.0.0-beta7',
28 silly addNameRange     '3.0.0-rc1',
28 silly addNameRange     '3.0.0-rc2',
28 silly addNameRange     '3.0.0-rc3',
28 silly addNameRange     '3.0.0-rc4',
28 silly addNameRange     '3.0.0-rc5',
28 silly addNameRange     '3.3.7',
28 silly addNameRange     '3.3.8',
28 silly addNameRange     '3.4.0',
28 silly addNameRange     '3.4.1',
28 silly addNameRange     '3.4.2',
28 silly addNameRange     '3.4.3',
28 silly addNameRange     '3.4.4',
28 silly addNameRange     '3.4.5',
28 silly addNameRange     '3.4.6',
28 silly addNameRange     '3.4.7',
28 silly addNameRange     '3.4.8',
28 silly addNameRange     '4.0.0-rc1',
28 silly addNameRange     '4.0.0-rc2',
28 silly addNameRange     '3.5.0',
28 silly addNameRange     '4.0.0-rc3',
28 silly addNameRange     '4.0.0-rc4',
28 silly addNameRange     '3.5.1',
28 silly addNameRange     '4.0.0',
28 silly addNameRange     '3.5.2',
28 silly addNameRange     '4.1.0',
28 silly addNameRange     '4.1.1',
28 silly addNameRange     '3.5.3',
28 silly addNameRange     '4.1.2',
28 silly addNameRange     '3.6.0',
28 silly addNameRange     '4.2.0',
28 silly addNameRange     '3.7.0',
28 silly addNameRange     '3.8.0',
28 silly addNameRange     '4.3.0',
28 silly addNameRange     '4.3.1',
28 silly addNameRange     '3.8.1',
28 silly addNameRange     '4.3.2',
28 silly addNameRange     '3.9.0',
28 silly addNameRange     '4.4.0',
28 silly addNameRange     '4.4.1',
28 silly addNameRange     '3.10.0',
28 silly addNameRange     '3.10.1',
28 silly addNameRange     '3.10.2',
28 silly addNameRange     '3.10.3',
28 silly addNameRange     '3.10.4',
28 silly addNameRange     '4.4.2',
28 silly addNameRange     '3.10.5',
28 silly addNameRange     '4.4.3',
28 silly addNameRange     '3.11.0',
28 silly addNameRange     '4.4.4',
28 silly addNameRange     '3.12.0',
28 silly addNameRange     '3.12.1',
28 silly addNameRange     '4.4.5',
28 silly addNameRange     '3.13.0',
28 silly addNameRange     '4.5.0',
28 silly addNameRange     '4.5.1',
28 silly addNameRange     '3.14.0',
28 silly addNameRange     '4.6.0',
28 silly addNameRange     '4.6.1',
28 silly addNameRange     '3.15.0',
28 silly addNameRange     '4.7.0',
28 silly addNameRange     '3.15.1',
28 silly addNameRange     '4.7.1',
28 silly addNameRange     '3.15.2',
28 silly addNameRange     '4.7.2',
28 silly addNameRange     '4.7.3',
28 silly addNameRange     '3.15.3',
28 silly addNameRange     '4.7.4',
28 silly addNameRange     '3.16.0',
28 silly addNameRange     '4.8.0',
28 silly addNameRange     '3.16.1',
28 silly addNameRange     '4.8.1',
28 silly addNameRange     '3.16.2',
28 silly addNameRange     '4.8.2',
28 silly addNameRange     '3.16.3',
28 silly addNameRange     '3.16.4',
28 silly addNameRange     '4.8.3',
28 silly addNameRange     '3.16.5',
28 silly addNameRange     '3.16.6',
28 silly addNameRange     '4.8.4',
28 silly addNameRange     '3.16.7',
28 silly addNameRange     '4.8.5',
28 silly addNameRange     '3.16.8',
28 silly addNameRange     '4.8.6',
28 silly addNameRange     '3.16.9',
28 silly addNameRange     '4.8.7',
28 silly addNameRange     '3.16.10',
28 silly addNameRange     '4.8.8',
28 silly addNameRange     '3.17.0',
28 silly addNameRange     '3.17.1',
28 silly addNameRange     '4.9.0',
28 silly addNameRange     '3.17.2',
28 silly addNameRange     '4.9.1',
28 silly addNameRange     '4.9.2',
28 silly addNameRange     '3.17.3',
28 silly addNameRange     '4.9.3',
28 silly addNameRange     '3.17.4',
28 silly addNameRange     '4.9.4',
28 silly addNameRange     '3.17.5',
28 silly addNameRange     '4.9.5',
28 silly addNameRange     '3.17.6',
28 silly addNameRange     '3.17.7',
28 silly addNameRange     '4.9.6',
28 silly addNameRange     '4.9.7',
28 silly addNameRange     '3.17.8',
28 silly addNameRange     '4.9.8',
28 silly addNameRange     '3.18.0',
28 silly addNameRange     '3.18.1',
28 silly addNameRange     '4.10.0',
28 silly addNameRange     '3.18.2',
28 silly addNameRange     '4.10.1',
28 silly addNameRange     '5.0.0-alpha.1',
28 silly addNameRange     '3.18.3',
28 silly addNameRange     '4.10.2' ] ]
29 verbose addNamed [ 'express', '4.10.2' ]
30 verbose addNamed [ '4.10.2', '4.10.2' ]
31 silly lockFile 787e98b4-express-4-10-2 express@4.10.2
32 verbose lock express@4.10.2 /Users/joekeremian/.npm/787e98b4-express-4-10-2.lock
33 silly lockFile d0bb09e8-s-org-express-express-4-10-2-tgz https://registry.npmjs.org/express/-/express-4.10.2.tgz
34 verbose lock https://registry.npmjs.org/express/-/express-4.10.2.tgz /Users/joekeremian/.npm/d0bb09e8-s-org-express-express-4-10-2-tgz.lock
35 verbose addRemoteTarball [ 'https://registry.npmjs.org/express/-/express-4.10.2.tgz',
35 verbose addRemoteTarball   'df06dde94d968932829d440a2004c5efe64495b0' ]
36 info retry fetch attempt 1 at 16:35:31
37 verbose fetch to= /var/folders/vs/b5h25kws5b7399vvtppm41_m0000gq/T/npm-7068-lngdvHDp/registry.npmjs.org/express/-/express-4.10.2.tgz
38 http GET https://registry.npmjs.org/express/-/express-4.10.2.tgz
39 http 200 https://registry.npmjs.org/express/-/express-4.10.2.tgz
40 silly lockFile d0bb09e8-s-org-express-express-4-10-2-tgz https://registry.npmjs.org/express/-/express-4.10.2.tgz
41 silly lockFile d0bb09e8-s-org-express-express-4-10-2-tgz https://registry.npmjs.org/express/-/express-4.10.2.tgz
42 silly lockFile 787e98b4-express-4-10-2 express@4.10.2
43 silly lockFile 787e98b4-express-4-10-2 express@4.10.2
44 silly lockFile 64a534c1-express express@
45 silly lockFile 64a534c1-express express@
46 silly resolved [ { name: 'express',
46 silly resolved     description: 'Fast, unopinionated, minimalist web framework',
46 silly resolved     version: '4.10.2',
46 silly resolved     author: { name: 'TJ Holowaychuk', email: 'tj@vision-media.ca' },
46 silly resolved     contributors:
46 silly resolved      [ [Object],
46 silly resolved        [Object],
46 silly resolved        [Object],
46 silly resolved        [Object],
46 silly resolved        [Object],
46 silly resolved        [Object],
46 silly resolved        [Object] ],
46 silly resolved     license: 'MIT',
46 silly resolved     repository: { type: 'git', url: 'https://github.com/strongloop/express' },
46 silly resolved     homepage: 'http://expressjs.com/',
46 silly resolved     keywords:
46 silly resolved      [ 'express',
46 silly resolved        'framework',
46 silly resolved        'sinatra',
46 silly resolved        'web',
46 silly resolved        'rest',
46 silly resolved        'restful',
46 silly resolved        'router',
46 silly resolved        'app',
46 silly resolved        'api' ],
46 silly resolved     dependencies:
46 silly resolved      { accepts: '~1.1.3',
46 silly resolved        'content-disposition': '0.5.0',
46 silly resolved        'cookie-signature': '1.0.5',
46 silly resolved        debug: '~2.1.0',
46 silly resolved        depd: '~1.0.0',
46 silly resolved        'escape-html': '1.0.1',
46 silly resolved        etag: '~1.5.0',
46 silly resolved        finalhandler: '0.3.2',
46 silly resolved        fresh: '0.2.4',
46 silly resolved        'media-typer': '0.3.0',
46 silly resolved        methods: '1.1.0',
46 silly resolved        'on-finished': '~2.1.1',
46 silly resolved        parseurl: '~1.3.0',
46 silly resolved        'path-to-regexp': '0.1.3',
46 silly resolved        'proxy-addr': '~1.0.3',
46 silly resolved        qs: '2.3.2',
46 silly resolved        'range-parser': '~1.0.2',
46 silly resolved        send: '0.10.1',
46 silly resolved        'serve-static': '~1.7.1',
46 silly resolved        'type-is': '~1.5.3',
46 silly resolved        vary: '~1.0.0',
46 silly resolved        cookie: '0.1.2',
46 silly resolved        'merge-descriptors': '0.0.2',
46 silly resolved        'utils-merge': '1.0.0' },
46 silly resolved     devDependencies:
46 silly resolved      { after: '0.8.1',
46 silly resolved        istanbul: '0.3.2',
46 silly resolved        mocha: '~2.0.0',
46 silly resolved        should: '~4.2.1',
46 silly resolved        supertest: '~0.14.0',
46 silly resolved        ejs: '~1.0.0',
46 silly resolved        marked: '0.3.2',
46 silly resolved        hjs: '~0.0.6',
46 silly resolved        'body-parser': '~1.9.1',
46 silly resolved        'connect-redis': '~2.1.0',
46 silly resolved        'cookie-parser': '~1.3.3',
46 silly resolved        'express-session': '~1.9.1',
46 silly resolved        jade: '~1.7.0',
46 silly resolved        'method-override': '~2.3.0',
46 silly resolved        morgan: '~1.4.1',
46 silly resolved        multiparty: '~4.0.0',
46 silly resolved        vhost: '~3.0.0' },
46 silly resolved     engines: { node: '>= 0.10.0' },
46 silly resolved     files: [ 'LICENSE', 'History.md', 'Readme.md', 'index.js', 'lib/' ],
46 silly resolved     scripts:
46 silly resolved      { test: 'mocha --require test/support/env --reporter spec --bail --check-leaks test/ test/acceptance/',
46 silly resolved        'test-cov': 'istanbul cover node_modules/mocha/bin/_mocha -- --require test/support/env --reporter dot --check-leaks test/ test/acceptance/',
46 silly resolved        'test-tap': 'mocha --require test/support/env --reporter tap --check-leaks test/ test/acceptance/',
46 silly resolved        'test-travis': 'istanbul cover node_modules/mocha/bin/_mocha --report lcovonly -- --require test/support/env --reporter spec --check-leaks test/ test/acceptance/' },
46 silly resolved     gitHead: 'ac56cf46063e461fbaf53c2c869a1a657e8adbe1',
46 silly resolved     bugs: { url: 'https://github.com/strongloop/express/issues' },
46 silly resolved     _id: 'express@4.10.2',
46 silly resolved     _shasum: 'df06dde94d968932829d440a2004c5efe64495b0',
46 silly resolved     _from: 'express@',
46 silly resolved     _npmVersion: '1.4.21',
46 silly resolved     _npmUser: { name: 'dougwilson', email: 'doug@somethingdoug.com' },
46 silly resolved     maintainers:
46 silly resolved      [ [Object],
46 silly resolved        [Object],
46 silly resolved        [Object],
46 silly resolved        [Object],
46 silly resolved        [Object],
46 silly resolved        [Object],
46 silly resolved        [Object] ],
46 silly resolved     dist:
46 silly resolved      { shasum: 'df06dde94d968932829d440a2004c5efe64495b0',
46 silly resolved        tarball: 'http://registry.npmjs.org/express/-/express-4.10.2.tgz' },
46 silly resolved     directories: {},
46 silly resolved     _resolved: 'https://registry.npmjs.org/express/-/express-4.10.2.tgz' } ]
47 info install express@4.10.2 into /usr/local/lib
48 info installOne express@4.10.2
49 verbose lib/node_modules/express unbuild
50 verbose tar unpack /Users/joekeremian/.npm/express/4.10.2/package.tgz
51 silly lockFile 365ba7ad-r-local-lib-node-modules-express tar:///usr/local/lib/node_modules/express
52 verbose lock tar:///usr/local/lib/node_modules/express /Users/joekeremian/.npm/365ba7ad-r-local-lib-node-modules-express.lock
53 silly lockFile 8f82da6d-n-npm-express-4-10-2-package-tgz tar:///Users/joekeremian/.npm/express/4.10.2/package.tgz
54 verbose lock tar:///Users/joekeremian/.npm/express/4.10.2/package.tgz /Users/joekeremian/.npm/8f82da6d-n-npm-express-4-10-2-package-tgz.lock
55 silly gunzTarPerm modes [ '755', '644' ]
56 error Error: EACCES, mkdir '/usr/local/lib/node_modules/express'
56 error  { [Error: EACCES, mkdir '/usr/local/lib/node_modules/express']
56 error   errno: 3,
56 error   code: 'EACCES',
56 error   path: '/usr/local/lib/node_modules/express',
56 error   fstream_type: 'Directory',
56 error   fstream_path: '/usr/local/lib/node_modules/express',
56 error   fstream_class: 'DirWriter',
56 error   fstream_stack:
56 error    [ '/usr/local/lib/node_modules/npm/node_modules/fstream/lib/dir-writer.js:36:23',
56 error      '/usr/local/lib/node_modules/npm/node_modules/mkdirp/index.js:46:53',
56 error      'Object.oncomplete (fs.js:107:15)' ] }
57 error Please try running this command again as root/Administrator.
58 error System Darwin 13.4.0
59 error command "node" "/usr/local/bin/npm" "install" "-g" "express"
60 error cwd /Users/joekeremian/git/OpenClinica/core
61 error node -v v0.10.33
62 error npm -v 1.4.28
63 error path /usr/local/lib/node_modules/express
64 error fstream_path /usr/local/lib/node_modules/express
65 error fstream_type Directory
66 error fstream_class DirWriter
67 error code EACCES
68 error errno 3
69 error stack Error: EACCES, mkdir '/usr/local/lib/node_modules/express'
70 error fstream_stack /usr/local/lib/node_modules/npm/node_modules/fstream/lib/dir-writer.js:36:23
70 error fstream_stack /usr/local/lib/node_modules/npm/node_modules/mkdirp/index.js:46:53
70 error fstream_stack Object.oncomplete (fs.js:107:15)
71 verbose exit [ 3, true ]
